WARNING: sun.reflect.Reflection.getCallerClass is not supported. This will impact performance.
2024-04-18T16:32:34,823  INFO CommandLine:505 Received 0 positional command line arguments:
2024-04-18T16:32:34,826  INFO CommandLine:506    
2024-04-18T16:32:34,826  INFO CommandLine:528 Received 2 command line options with 0 prefixes:
2024-04-18T16:32:34,826  INFO CommandLine:533    config-path = /home/comura/DATA_ABM/FrauenfeldScenario/Thurgau_config_base_01.xml
2024-04-18T16:32:34,826  INFO CommandLine:533    output-path = /home/comura/OUTPUTS/FrauenfeldScenario.xml.gz
2024-04-18T16:32:34,896  INFO IOUtils:187 Resolved /home/comura/DATA_ABM/FrauenfeldScenario/Thurgau_config_base_01.xml to /home/comura/DATA_ABM/FrauenfeldScenario/Thurgau_config_base_01.xml
2024-04-18T16:32:34,899  INFO Config:572 setting context to [file:/home/comura/2023_ABMT_Corrado/abmt2023/]
2024-04-18T16:32:34,944  INFO Version:21 HV000001: Hibernate Validator null
2024-04-18T16:32:35,040  INFO MatsimXmlParser:160 starting to parse xml from url file:/home/comura/DATA_ABM/FrauenfeldScenario/Thurgau_config_base_01.xml ...
2024-04-18T16:32:35,078  INFO ConfigReader:102 using config_v2-reader
2024-04-18T16:32:35,079  INFO MatsimXmlParser:276 Trying to load file:/home/comura/DATA_ABM/FrauenfeldScenario/dtd/config_v2.dtd. In some cases (e.g. network interface up but no connection), this may take a bit.
2024-04-18T16:32:35,080  INFO MatsimXmlParser:291 java.io.FileNotFoundException: /home/comura/DATA_ABM/FrauenfeldScenario/dtd/config_v2.dtd (No such file or directory). May not be fatal, will try to load it locally.
2024-04-18T16:32:35,080  INFO MatsimXmlParser:313 Using local DTD from classpath:dtd/config_v2.dtd
2024-04-18T16:32:35,096  INFO GlobalConfigGroup:92 setting number of threads to: 16
2024-04-18T16:32:35,125  INFO PlanCalcScoreConfigGroup:554 scoring parameters for subpopulation null were just replaced.
2024-04-18T16:32:35,126  WARN PlansCalcRouteConfigGroup:342 The first mode routing params that are explicitly defined clear the default mode routing params.  This functionality was removed for 
2024-04-18T16:32:35,127  WARN PlansCalcRouteConfigGroup:343     some weeks in the development head, after release 11.x, and before release 12.x; it is now back.  If you want to avoid this 
2024-04-18T16:32:35,127  WARN PlansCalcRouteConfigGroup:344     warning, use clearModeRoutingParams(true) in code, and "clearDefaultTeleportedModeParams"=true in xml config.
2024-04-18T16:32:35,128  INFO Config:572 setting context to [file:/home/comura/DATA_ABM/FrauenfeldScenario/Thurgau_config_base_01.xml]
2024-04-18T16:32:35,144  INFO ScenarioLoaderImpl:134 loading network from file:/home/comura/DATA_ABM/FrauenfeldScenario/network.xml.gz
2024-04-18T16:32:35,145  INFO MatsimXmlParser:160 starting to parse xml from url file:/home/comura/DATA_ABM/FrauenfeldScenario/network.xml.gz ...
2024-04-18T16:32:35,240  INFO MatsimNetworkReader:120 using network_v2-reader.
2024-04-18T16:32:35,241  INFO MatsimXmlParser:276 Trying to load http://www.matsim.org/files/dtd/network_v2.dtd. In some cases (e.g. network interface up but no connection), this may take a bit.
2024-04-18T16:32:35,438  INFO NetworkImpl:163  node # 1
2024-04-18T16:32:35,439  INFO NetworkImpl:163  node # 4
2024-04-18T16:32:35,441  INFO NetworkImpl:163  node # 16
2024-04-18T16:32:35,446  INFO NetworkImpl:163  node # 64
2024-04-18T16:32:35,459  INFO NetworkImpl:163  node # 256
2024-04-18T16:32:35,491  INFO NetworkImpl:163  node # 1024
2024-04-18T16:32:35,506  INFO NetworkImpl:159  link # 1
2024-04-18T16:32:35,507  INFO NetworkImpl:159  link # 4
2024-04-18T16:32:35,509  INFO NetworkImpl:159  link # 16
2024-04-18T16:32:35,515  INFO NetworkImpl:159  link # 64
2024-04-18T16:32:35,532  INFO NetworkImpl:159  link # 256
2024-04-18T16:32:35,571  INFO NetworkImpl:159  link # 1024
2024-04-18T16:32:35,681  WARN LinkImpl:125 length=0.0 of link id pt_8578082 may cause problems
2024-04-18T16:32:35,681  WARN LinkImpl:127  Future occurences of this logging statement are suppressed.
2024-04-18T16:32:35,682  INFO ScenarioLoaderImpl:159 loading facilities from file:/home/comura/DATA_ABM/FrauenfeldScenario/facilities.xml.gz
2024-04-18T16:32:35,683  INFO MatsimXmlParser:160 starting to parse xml from url file:/home/comura/DATA_ABM/FrauenfeldScenario/facilities.xml.gz ...
2024-04-18T16:32:35,688  INFO MatsimFacilitiesReader:137 using facilities_v1-reader.
2024-04-18T16:32:35,689  INFO MatsimXmlParser:276 Trying to load http://www.matsim.org/files/dtd/facilities_v1.dtd. In some cases (e.g. network interface up but no connection), this may take a bit.
2024-04-18T16:32:35,860  INFO ScenarioLoaderImpl:168 loaded 13957 facilities from file:/home/comura/DATA_ABM/FrauenfeldScenario/facilities.xml.gz
2024-04-18T16:32:35,860  INFO ScenarioLoaderImpl:187 no facility-attributes file set in config, not loading any facility attributes
2024-04-18T16:32:35,860  INFO ScenarioLoaderImpl:195 loading population from file:/home/comura/DATA_ABM/FrauenfeldScenario/imputed_population.xml.gz
2024-04-18T16:32:35,863  INFO MatsimXmlParser:160 starting to parse xml from url file:/home/comura/DATA_ABM/FrauenfeldScenario/imputed_population.xml.gz ...
Exception in thread "main" java.lang.RuntimeException: java.util.zip.ZipException: Not in GZIP format
	at org.matsim.core.utils.io.MatsimXmlParser.parse(MatsimXmlParser.java:166)
	at org.matsim.core.scenario.ScenarioLoaderImpl.loadPopulation(ScenarioLoaderImpl.java:202)
	at org.matsim.core.scenario.ScenarioLoaderImpl.loadScenario(ScenarioLoaderImpl.java:115)
	at org.matsim.core.scenario.ScenarioUtils.loadScenario(ScenarioUtils.java:91)
	at abmt2023.project.utils.RunImputeHeadway.main(RunImputeHeadway.java:41)
Caused by: java.util.zip.ZipException: Not in GZIP format
	at java.base/java.util.zip.GZIPInputStream.readHeader(GZIPInputStream.java:166)
	at java.base/java.util.zip.GZIPInputStream.<init>(GZIPInputStream.java:80)
	at java.base/java.util.zip.GZIPInputStream.<init>(GZIPInputStream.java:92)
	at org.matsim.core.utils.io.MatsimXmlParser.parse(MatsimXmlParser.java:164)
	... 4 more
