WARNING: sun.reflect.Reflection.getCallerClass is not supported. This will impact performance.
2024-04-18T16:32:40,761  INFO CommandLine:505 Received 0 positional command line arguments:
2024-04-18T16:32:40,763  INFO CommandLine:506    
2024-04-18T16:32:40,763  INFO CommandLine:528 Received 2 command line options with 0 prefixes:
2024-04-18T16:32:40,764  INFO CommandLine:533    config-path = /home/comura/DATA_ABM/WeinfeldenScenario/Thurgau_config_base_01.xml
2024-04-18T16:32:40,764  INFO CommandLine:533    output-path = /home/comura/OUTPUTS/WeinfeldenScenario.xml.gz
2024-04-18T16:32:40,789  INFO IOUtils:187 Resolved /home/comura/DATA_ABM/WeinfeldenScenario/Thurgau_config_base_01.xml to /home/comura/DATA_ABM/WeinfeldenScenario/Thurgau_config_base_01.xml
2024-04-18T16:32:40,791  INFO Config:572 setting context to [file:/home/comura/2023_ABMT_Corrado/abmt2023/]
2024-04-18T16:32:40,840  INFO Version:21 HV000001: Hibernate Validator null
2024-04-18T16:32:40,953  INFO MatsimXmlParser:160 starting to parse xml from url file:/home/comura/DATA_ABM/WeinfeldenScenario/Thurgau_config_base_01.xml ...
2024-04-18T16:32:41,017  INFO ConfigReader:102 using config_v2-reader
2024-04-18T16:32:41,017  INFO MatsimXmlParser:276 Trying to load file:/home/comura/DATA_ABM/WeinfeldenScenario/dtd/config_v2.dtd. In some cases (e.g. network interface up but no connection), this may take a bit.
2024-04-18T16:32:41,018  INFO MatsimXmlParser:291 java.io.FileNotFoundException: /home/comura/DATA_ABM/WeinfeldenScenario/dtd/config_v2.dtd (No such file or directory). May not be fatal, will try to load it locally.
2024-04-18T16:32:41,019  INFO MatsimXmlParser:313 Using local DTD from classpath:dtd/config_v2.dtd
2024-04-18T16:32:41,044  INFO GlobalConfigGroup:92 setting number of threads to: 16
2024-04-18T16:32:41,088  INFO PlanCalcScoreConfigGroup:554 scoring parameters for subpopulation null were just replaced.
2024-04-18T16:32:41,089  WARN PlansCalcRouteConfigGroup:342 The first mode routing params that are explicitly defined clear the default mode routing params.  This functionality was removed for 
2024-04-18T16:32:41,089  WARN PlansCalcRouteConfigGroup:343     some weeks in the development head, after release 11.x, and before release 12.x; it is now back.  If you want to avoid this 
2024-04-18T16:32:41,090  WARN PlansCalcRouteConfigGroup:344     warning, use clearModeRoutingParams(true) in code, and "clearDefaultTeleportedModeParams"=true in xml config.
2024-04-18T16:32:41,092  INFO Config:572 setting context to [file:/home/comura/DATA_ABM/WeinfeldenScenario/Thurgau_config_base_01.xml]
2024-04-18T16:32:41,111  INFO ScenarioLoaderImpl:134 loading network from file:/home/comura/DATA_ABM/WeinfeldenScenario/network.xml.gz
2024-04-18T16:32:41,113  INFO MatsimXmlParser:160 starting to parse xml from url file:/home/comura/DATA_ABM/WeinfeldenScenario/network.xml.gz ...
2024-04-18T16:32:41,227  INFO MatsimNetworkReader:120 using network_v2-reader.
2024-04-18T16:32:41,227  INFO MatsimXmlParser:276 Trying to load http://www.matsim.org/files/dtd/network_v2.dtd. In some cases (e.g. network interface up but no connection), this may take a bit.
2024-04-18T16:32:41,268  INFO NetworkImpl:163  node # 1
2024-04-18T16:32:41,269  INFO NetworkImpl:163  node # 4
2024-04-18T16:32:41,271  INFO NetworkImpl:163  node # 16
2024-04-18T16:32:41,277  INFO NetworkImpl:163  node # 64
2024-04-18T16:32:41,294  INFO NetworkImpl:163  node # 256
2024-04-18T16:32:41,326  INFO NetworkImpl:163  node # 1024
2024-04-18T16:32:41,332  INFO NetworkImpl:159  link # 1
2024-04-18T16:32:41,333  INFO NetworkImpl:159  link # 4
2024-04-18T16:32:41,336  INFO NetworkImpl:159  link # 16
2024-04-18T16:32:41,344  INFO NetworkImpl:159  link # 64
2024-04-18T16:32:41,368  INFO NetworkImpl:159  link # 256
2024-04-18T16:32:41,426  INFO NetworkImpl:159  link # 1024
2024-04-18T16:32:41,496  INFO ScenarioLoaderImpl:159 loading facilities from file:/home/comura/DATA_ABM/WeinfeldenScenario/facilities.xml.gz
2024-04-18T16:32:41,497  INFO MatsimXmlParser:160 starting to parse xml from url file:/home/comura/DATA_ABM/WeinfeldenScenario/facilities.xml.gz ...
2024-04-18T16:32:41,503  INFO MatsimFacilitiesReader:137 using facilities_v1-reader.
2024-04-18T16:32:41,503  INFO MatsimXmlParser:276 Trying to load http://www.matsim.org/files/dtd/facilities_v1.dtd. In some cases (e.g. network interface up but no connection), this may take a bit.
2024-04-18T16:32:41,612  INFO ScenarioLoaderImpl:168 loaded 6403 facilities from file:/home/comura/DATA_ABM/WeinfeldenScenario/facilities.xml.gz
2024-04-18T16:32:41,612  INFO ScenarioLoaderImpl:187 no facility-attributes file set in config, not loading any facility attributes
2024-04-18T16:32:41,612  INFO ScenarioLoaderImpl:195 loading population from file:/home/comura/DATA_ABM/WeinfeldenScenario/imputed_population.xml.gz
2024-04-18T16:32:41,616  INFO MatsimXmlParser:160 starting to parse xml from url file:/home/comura/DATA_ABM/WeinfeldenScenario/imputed_population.xml.gz ...
Exception in thread "main" java.lang.RuntimeException: java.util.zip.ZipException: Not in GZIP format
	at org.matsim.core.utils.io.MatsimXmlParser.parse(MatsimXmlParser.java:166)
	at org.matsim.core.scenario.ScenarioLoaderImpl.loadPopulation(ScenarioLoaderImpl.java:202)
	at org.matsim.core.scenario.ScenarioLoaderImpl.loadScenario(ScenarioLoaderImpl.java:115)
	at org.matsim.core.scenario.ScenarioUtils.loadScenario(ScenarioUtils.java:91)
	at abmt2023.project.utils.RunImputeHeadway.main(RunImputeHeadway.java:41)
Caused by: java.util.zip.ZipException: Not in GZIP format
	at java.base/java.util.zip.GZIPInputStream.readHeader(GZIPInputStream.java:166)
	at java.base/java.util.zip.GZIPInputStream.<init>(GZIPInputStream.java:80)
	at java.base/java.util.zip.GZIPInputStream.<init>(GZIPInputStream.java:92)
	at org.matsim.core.utils.io.MatsimXmlParser.parse(MatsimXmlParser.java:164)
	... 4 more
